13:22:31 INFO  : Registering command handlers for SDK TCF services
13:22:33 INFO  : Launching XSCT server: xsct.bat -interactive G:\Vivado\project_newadderintegrator\project_newadderintegrator.sdk\temp_xsdb_launch_script.tcl
13:22:37 INFO  : XSCT server has started successfully.
13:22:37 INFO  : Successfully done setting XSCT server connection channel  
13:22:37 INFO  : Successfully done setting SDK workspace  
13:22:37 INFO  : Processing command line option -hwspec G:/Vivado/project_newadderintegrator/project_newadderintegrator.sdk/design_1_wrapper.hdf.
14:13:04 INFO  : Connected to target on host '127.0.0.1' and port '3121'.
14:13:05 INFO  : 'targets -set -filter {jtag_cable_name =~ "Digilent Zed 210248772879" && level==0} -index 1' command is executed.
14:13:07 INFO  : FPGA configured successfully with bitstream "G:/Vivado/project_newadderintegrator/project_newadderintegrator.sdk/design_1_wrapper_hw_platform_0/design_1_wrapper.bit"
14:15:11 INFO  : Connected to target on host '127.0.0.1' and port '3121'.
14:15:11 INFO  : 'targets -set -filter {jtag_cable_name =~ "Digilent Zed 210248772879" && level==0} -index 1' command is executed.
14:15:14 INFO  : FPGA configured successfully with bitstream "G:/Vivado/project_newadderintegrator/project_newadderintegrator.sdk/design_1_wrapper_hw_platform_0/design_1_wrapper.bit"
14:16:27 INFO  : 'targets -set -filter {jtag_cable_name =~ "Digilent Zed 210248772879" && level==0} -index 1' command is executed.
14:16:27 INFO  : 'fpga -state' command is executed.
14:16:27 INFO  : Connected to target on host '127.0.0.1' and port '3121'.
14:16:27 INFO  : Jtag cable 'Digilent Zed 210248772879' is selected.
14:16:27 INFO  : 'jtag frequency' command is executed.
14:16:27 INFO  : Sourcing of 'G:/Vivado/project_newadderintegrator/project_newadderintegrator.sdk/design_1_wrapper_hw_platform_0/ps7_init.tcl' is done.
14:16:27 INFO  : Context for 'APU' is selected.
14:16:27 INFO  : Hardware design information is loaded from 'G:/Vivado/project_newadderintegrator/project_newadderintegrator.sdk/design_1_wrapper_hw_platform_0/system.hdf'.
14:16:27 INFO  : 'configparams force-mem-access 1' command is executed.
14:16:27 INFO  : Context for 'APU' is selected.
14:16:27 INFO  : 'stop' command is executed.
14:16:28 INFO  : 'ps7_init' command is executed.
14:16:28 INFO  : 'ps7_post_config' command is executed.
14:16:28 INFO  : Context for processor 'ps7_cortexa9_0' is selected.
14:16:28 INFO  : Processor reset is completed for 'ps7_cortexa9_0'.
14:16:28 INFO  : Context for processor 'ps7_cortexa9_0' is selected.
14:16:28 INFO  : The application 'G:/Vivado/project_newadderintegrator/project_newadderintegrator.sdk/myAdderSW/Debug/myAdderSW.elf' is downloaded to processor 'ps7_cortexa9_0'.
14:16:28 INFO  : 'configparams force-mem-access 0' command is executed.
14:16:28 INFO  : ----------------XSDB Script----------------
connect -url tcp:127.0.0.1:3121
source G:/Vivado/project_newadderintegrator/project_newadderintegrator.sdk/design_1_wrapper_hw_platform_0/ps7_init.tcl
targets -set -nocase -filter {name =~"APU*" && jtag_cable_name =~ "Digilent Zed 210248772879"} -index 0
loadhw -hw G:/Vivado/project_newadderintegrator/project_newadderintegrator.sdk/design_1_wrapper_hw_platform_0/system.hdf -mem-ranges [list {0x40000000 0xbfffffff}]
configparams force-mem-access 1
targets -set -nocase -filter {name =~"APU*" && jtag_cable_name =~ "Digilent Zed 210248772879"} -index 0
stop
ps7_init
ps7_post_config
targets -set -nocase -filter {name =~ "ARM*#0" && jtag_cable_name =~ "Digilent Zed 210248772879"} -index 0
rst -processor
targets -set -nocase -filter {name =~ "ARM*#0" && jtag_cable_name =~ "Digilent Zed 210248772879"} -index 0
dow G:/Vivado/project_newadderintegrator/project_newadderintegrator.sdk/myAdderSW/Debug/myAdderSW.elf
configparams force-mem-access 0
----------------End of Script----------------

14:16:28 INFO  : Memory regions updated for context APU
14:16:29 INFO  : Context for processor 'ps7_cortexa9_0' is selected.
14:16:29 INFO  : 'con' command is executed.
14:16:29 INFO  : ----------------XSDB Script (After Launch)----------------
targets -set -nocase -filter {name =~ "ARM*#0" && jtag_cable_name =~ "Digilent Zed 210248772879"} -index 0
con
----------------End of Script----------------

14:16:29 INFO  : Launch script is exported to file 'G:\Vivado\project_newadderintegrator\project_newadderintegrator.sdk\.sdk\launch_scripts\xilinx_c-c++_application_(system_debugger)\system_debugger_using_debug_myaddersw.elf_on_local.tcl'
14:21:17 INFO  : Disconnected from the channel tcfchan#1.
